<?xml version="1.0" encoding="UTF-8"?>
<testng-results ignored="0" total="1" passed="1" failed="0" skipped="0">
  <reporter-output>
  </reporter-output>
  <suite started-at="2021-10-29T11:34:56 IST" name="Default suite" finished-at="2021-10-29T11:35:14 IST" duration-ms="17892">
    <groups>
    </groups>
    <test started-at="2021-10-29T11:34:56 IST" name="Default test" finished-at="2021-10-29T11:35:14 IST" duration-ms="17892">
      <class name="practisemavenjenkin.Mavenjenkin">
        <test-method signature="newmethod()[pri:0, instance:practisemavenjenkin.Mavenjenkin@614ca7df]" started-at="2021-10-29T11:34:56 IST" name="newmethod" finished-at="2021-10-29T11:35:14 IST" duration-ms="17846" status="PASS">
          <reporter-output>
          </reporter-output>
        </test-method> <!-- newmethod -->
      </class> <!-- practisemavenjenkin.Mavenjenkin -->
    </test> <!-- Default test -->
  </suite> <!-- Default suite -->
</testng-results>
