<?xml version="1.0" encoding="UTF-8"?>
<testng-results ignored="0" total="1" passed="1" failed="0" skipped="0">
  <reporter-output>
  </reporter-output>
  <suite started-at="2021-10-28T13:09:29 IST" name="Suite" finished-at="2021-10-28T13:10:02 IST" duration-ms="32915">
    <groups>
    </groups>
    <test started-at="2021-10-28T13:09:29 IST" name="Test" finished-at="2021-10-28T13:10:02 IST" duration-ms="32915">
      <class name="Casespage.Loginpagecase">
        <test-method is-config="true" signature="setup()[pri:0, instance:Casespage.Loginpagecase@201a4587]" started-at="2021-10-28T13:09:29 IST" name="setup" finished-at="2021-10-28T13:09:40 IST" duration-ms="11173" status="PASS">
          <reporter-output>
          </reporter-output>
        </test-method> <!-- setup -->
        <test-method signature="loginpage(java.lang.String,java.lang.String)[pri:0, instance:Casespage.Loginpagecase@201a4587]" started-at="2021-10-28T13:09:41 IST" name="loginpage" data-provider="keydata" finished-at="2021-10-28T13:10:02 IST" duration-ms="20775" status="PASS">
          <params>
            <param index="0">
              <value>
                <![CDATA[support@keycomputers.co.uk]]>
              </value>
            </param>
            <param index="1">
              <value>
                <![CDATA[DeafSupportCheese63]]>
              </value>
            </param>
          </params>
          <reporter-output>
          </reporter-output>
        </test-method> <!-- loginpage -->
      </class> <!-- Casespage.Loginpagecase -->
    </test> <!-- Test -->
  </suite> <!-- Suite -->
</testng-results>
