<?xml version="1.0" encoding="UTF-8"?>
<!-- Generated by org.testng.reporters.JUnitXMLReporter -->
<testsuite ignored="1" hostname="DESKTOP-MDNVJIO" failures="1" tests="3" name="Test" time="71.174" errors="0" timestamp="2021-10-30T15:46:10 IST">
  <testcase classname="TESTCASE.Loginpagetestcase" name="loginpage" time="25.03"/>
  <testcase classname="TESTCASE.Creatingstockcase" name="stockpage" time="30.621"/>
  <testcase classname="TESTCASE.Loginpagetestcase" name="loginpage" time="2.321">
    <failure type="java.lang.AssertionError" message="Unsucessfull">
      <![CDATA[java.lang.AssertionError: Unsucessfull
at TESTCASE.Loginpagetestcase.loginpage(Loginpagetestcase.java:37)
at java.base/java.util.ArrayList.forEach(ArrayList.java:1540)
... Removed 28 stack frames]]>
    </failure>
  </testcase> <!-- loginpage -->
  <testcase classname="CONSTANTS.Basekey" name="@BeforeTest setup" time="0.0">
    <ignored/>
  </testcase> <!-- @BeforeTest setup -->
</testsuite> <!-- Test -->
